<?xml version="1.0" encoding="UTF-8"?>
<!-- Generated by org.testng.reporters.JUnitXMLReporter -->
<testsuite hostname="ADMINRG-25TD4VU" ignored="0" name="Test" tests="9" failures="0" timestamp="20 Jun 2020 17:21:55 GMT" time="5.166" errors="0">
  <testcase name="checkContentLength" time="0.007" classname="com.employeeapi.testcases.TC001_Get_All_Employees"/>
  <testcase name="checkContentType" time="0.002" classname="com.employeeapi.testcases.TC001_Get_All_Employees"/>
  <testcase name="checkCookies" time="0.001" classname="com.employeeapi.testcases.TC001_Get_All_Employees"/>
  <testcase name="checkResponseBody" time="0.028" classname="com.employeeapi.testcases.TC001_Get_All_Employees"/>
  <testcase name="checkResponseTime" time="0.003" classname="com.employeeapi.testcases.TC001_Get_All_Employees"/>
  <testcase name="checkStatusCode" time="0.005" classname="com.employeeapi.testcases.TC001_Get_All_Employees"/>
  <testcase name="checkStatusLine" time="0.005" classname="com.employeeapi.testcases.TC001_Get_All_Employees"/>
  <testcase name="checkcontentEncoding" time="0.006" classname="com.employeeapi.testcases.TC001_Get_All_Employees"/>
  <testcase name="checkserverType" time="0.004" classname="com.employeeapi.testcases.TC001_Get_All_Employees"/>
</testsuite> <!-- Test -->
